[www.vayvontinchap.com.vn/index0205.html]
[backblue.gif]
[fade.gif]
[index.html]
[www.vayvontinchap.com.vn/index.html]
[static.ladipage.net/5d676c483709fe24f11a8ae9/d20f367d19efa2135a96fa5b5fe84d87_icon-20200224115725.png]
[w.ladicdn.com/v2/source/ladipage.min15e3.js]
[w.ladicdn.com/s1440x762/5d676c483709fe24f11a8ae9/huong_anh-20200229025418.jpg]
[w.ladicdn.com/s400x400/5d676c483709fe24f11a8ae9/phong-thuy-van-phong-cho-sep-nu-20200229042941.jpg]
[w.ladicdn.com/s400x400/5d676c483709fe24f11a8ae9/tuyen-nu-nhan-vien-van-phong-xuat-khau-lao-dong-singapore-20200229043457.jpg]
[w.ladicdn.com/s400x400/5d676c483709fe24f11a8ae9/photo1530673314601-15306733146011622277614-20200229043524.jpg]
[w.ladicdn.com/s400x400/5d676c483709fe24f11a8ae9/zalo-apk-20191106082733.jpg]
[w.ladicdn.com/s550x400/5d676c483709fe24f11a8ae9/tpbank-logo-1-20200224092818.png]
[w.ladicdn.com/s650x500/5d676c483709fe24f11a8ae9/sale-dollar-sign-20200224102535.jpg]
[w.ladicdn.com/s650x500/5d676c483709fe24f11a8ae9/sp-3-3-20200224104132.png]
[w.ladicdn.com/s650x500/5d676c483709fe24f11a8ae9/cttc-15544495980362016343628-crop-15545972157081814793314-20200224104508.png]
[w.ladicdn.com/5d676c483709fe24f11a8ae9/tick_mark_dark-512-20200229032619.png]
[w.ladicdn.com/s650x500/5d676c483709fe24f11a8ae9/4302428_cover_tpbank_livebank_tinhte-20200227064219.jpg]
[w.ladicdn.com/s650x500/5d676c483709fe24f11a8ae9/giaingan-20200229035055.jpg]
[w.ladicdn.com/s650x500/5d676c483709fe24f11a8ae9/thechap-20200229034818.jpg]
[w.ladicdn.com/s650x550/5d676c483709fe24f11a8ae9/laisuatvaygiam-20200229035116.jpg]
[w.ladicdn.com/s650x500/5d676c483709fe24f11a8ae9/capthe-20200229035337.jpg]
[w.ladicdn.com/s650x550/5d676c483709fe24f11a8ae9/hamuctragop-20200229035147.jpg]
[w.ladicdn.com/s650x1100/5d676c483709fe24f11a8ae9/thumb_bocaokhaitruong-20200224095649.jpg]
[w.ladicdn.com/s450x350/5d676c483709fe24f11a8ae9/bintang-lima-png-3-1-20200229042753.png]
[w.ladicdn.com/s400x400/5d676c483709fe24f11a8ae9/phone_hotline-20200229045702.png]
[w.ladicdn.com/s768x890/5d676c483709fe24f11a8ae9/huong_anh-20200229025418.jpg]
[w.ladicdn.com/s700x550/5d676c483709fe24f11a8ae9/sale-dollar-sign-20200224102535.jpg]
[w.ladicdn.com/s700x550/5d676c483709fe24f11a8ae9/cttc-15544495980362016343628-crop-15545972157081814793314-20200224104508.png]
[w.ladicdn.com/s700x550/5d676c483709fe24f11a8ae9/sp-3-3-20200224104132.png]
[w.ladicdn.com/s1000x800/5d676c483709fe24f11a8ae9/thumb_bocaokhaitruong-20200224095649.jpg]
[www.vayvontinchap.com.vn/index0205.html]
[www.vayvontinchap.com.vn/index.html]
[www.googletagmanager.com/gtm5445.html]
[w.ladicdn.com/v2/source/ladipage.min15e3.css]
[www.vayvontinchap.com.vn/pro5.html]
[www.vayvontinchap.com.vn/pro5.html]
[www.vayvontinchap.com.vn/demopage.me]
[www.vayvontinchap.com.vn/ladi.me]
[www.vayvontinchap.com.vn/demopage.me]
[www.vayvontinchap.com.vn/ladi.me]
